<?xml version="1.0" encoding="UTF-8"?>
<testsuite xmlns:xsi="http://www.w3.org/2001/XMLSchema-instance" xsi:noNamespaceSchemaLocation="https://maven.apache.org/surefire/maven-surefire-plugin/xsd/surefire-test-report.xsd" name="TestSuite" time="92.188" tests="14" errors="0" skipped="0" failures="8">
  <properties>
[...]
</properties>
  <testcase name="PreConditions" classname="CRM.Test.FormsTest" time="10.021"/>
  <testcase name="OrderForm" classname="CRM.Test.FormsTest" time="8.368"/>
  <testcase name="PrimaryTask" classname="CRM.Test.FormsTest" time="7.511"/>
  <testcase name="PrimaryForm" classname="CRM.Test.FormsTest" time="2.378">
    <failure message="element click intercepted: Element &lt;select _ngcontent-pie-c7=&quot;&quot; class=&quot;form-control ng-untouched ng-pristine ng-valid&quot; formcontrolname=&quot;company_id&quot; ng-reflect-name=&quot;company_id&quot; ng-reflect-model=&quot;0&quot;&gt;...&lt;/select&gt; is not clickable at point (1081, 410). Other element would receive the click: &lt;textarea _ngcontent-pie-c33=&quot;&quot; formcontrolname=&quot;resolved_comment&quot; placeholder=&quot;При завершении задачи заполните завершающий комментарий&quot; rows=&quot;2&quot; style=&quot;resize: vertical;&quot; ng-reflect-name=&quot;resolved_comment&quot; class=&quot;form-control ng-valid ng-dirty ng-touched&quot; ng-reflect-model=&quot;ОК&quot;&gt;&lt;/textarea&gt;&#10;  (Session info: chrome=96.0.4664.45)&#10;Build info: version: &apos;4.0.0-rc-1&apos;, revision: &apos;bc5511cbda&apos;&#10;System info: host: &apos;DESKTOP-H2D1FUP&apos;, ip: &apos;192.168.0.104&apos;, os.name: &apos;Windows 10&apos;, os.arch: &apos;amd64&apos;, os.version: &apos;10.0&apos;, java.version: &apos;17.0.1&apos;&#10;Driver info: org.openqa.selenium.chrome.ChromeDriver&#10;Command: [cbd65403cef9b11c15029e318a08a739, clickElement {id=e4a610c9-7d3c-4aad-8aa6-ba8754b18393}]&#10;Capabilities {acceptInsecureCerts: false, browserName: chrome, browserVersion: 96.0.4664.45, chrome: {chromedriverVersion: 95.0.4638.54 (d31a821ec901f..., userDataDir: C:\Users\Evy\AppData\Local\...}, goog:chromeOptions: {debuggerAddress: localhost:60534}, javascriptEnabled: true, networkConnectionEnabled: false, pageLoadStrategy: normal, platform: WINDOWS, platformName: WINDOWS, proxy: Proxy(), se:cdp: ws://localhost:60534/devtoo..., se:cdpVersion: 96.0.4664.45, setWindowRect: true, strictFileInteractability: false, timeouts: {implicit: 0, pageLoad: 300000, script: 30000}, unhandledPromptBehavior: dismiss and notify, webauthn:extension:credBlob: true, webauthn:extension:largeBlob: true, webauthn:virtualAuthenticators: true}&#10;Element: [[ChromeDriver: chrome on WINDOWS (cbd65403cef9b11c15029e318a08a739)] -&gt; css selector: .col-md-8 select.form-control]&#10;Session ID: cbd65403cef9b11c15029e318a08a739" type="org.openqa.selenium.ElementClickInterceptedException"><![CDATA[org.openqa.selenium.ElementClickInterceptedException: 
element click intercepted: Element <select _ngcontent-pie-c7="" class="form-control ng-untouched ng-pristine ng-valid" formcontrolname="company_id" ng-reflect-name="company_id" ng-reflect-model="0">...</select> is not clickable at point (1081, 410). Other element would receive the click: <textarea _ngcontent-pie-c33="" formcontrolname="resolved_comment" placeholder="При завершении задачи заполните завершающий комментарий" rows="2" style="resize: vertical;" ng-reflect-name="resolved_comment" class="form-control ng-valid ng-dirty ng-touched" ng-reflect-model="ОК"></textarea>
  (Session info: chrome=96.0.4664.45)
Build info: version: '4.0.0-rc-1', revision: 'bc5511cbda'
System info: host: 'DESKTOP-H2D1FUP', ip: '192.168.0.104', os.name: 'Windows 10', os.arch: 'amd64', os.version: '10.0', java.version: '17.0.1'
Driver info: org.openqa.selenium.chrome.ChromeDriver
Command: [cbd65403cef9b11c15029e318a08a739, clickElement {id=e4a610c9-7d3c-4aad-8aa6-ba8754b18393}]
Capabilities {acceptInsecureCerts: false, browserName: chrome, browserVersion: 96.0.4664.45, chrome: {chromedriverVersion: 95.0.4638.54 (d31a821ec901f..., userDataDir: C:\Users\Evy\AppData\Local\...}, goog:chromeOptions: {debuggerAddress: localhost:60534}, javascriptEnabled: true, networkConnectionEnabled: false, pageLoadStrategy: normal, platform: WINDOWS, platformName: WINDOWS, proxy: Proxy(), se:cdp: ws://localhost:60534/devtoo..., se:cdpVersion: 96.0.4664.45, setWindowRect: true, strictFileInteractability: false, timeouts: {implicit: 0, pageLoad: 300000, script: 30000}, unhandledPromptBehavior: dismiss and notify, webauthn:extension:credBlob: true, webauthn:extension:largeBlob: true, webauthn:virtualAuthenticators: true}
Element: [[ChromeDriver: chrome on WINDOWS (cbd65403cef9b11c15029e318a08a739)] -> css selector: .col-md-8 select.form-control]
Session ID: cbd65403cef9b11c15029e318a08a739
	at CRM.Test.FormsTest.PrimaryForm(FormsTest.java:129)
]]></failure>
  </testcase>
  <testcase name="OrderFiltrationInPrimary" classname="CRM.Test.FormsTest" time="7.612">
    <failure message="expected [true] but found [false]" type="java.lang.AssertionError">java.lang.AssertionError: expected [true] but found [false]
	at CRM.Test.FormsTest.OrderFiltrationInPrimary(FormsTest.java:177)
</failure>
  </testcase>
  <testcase name="PrimaryOrderFiltrationInAllOrders" classname="CRM.Test.FormsTest" time="8.367">
    <failure message="expected [true] but found [false]" type="java.lang.AssertionError">java.lang.AssertionError: expected [true] but found [false]
	at CRM.Test.FormsTest.PrimaryOrderFiltrationInAllOrders(FormsTest.java:193)
</failure>
  </testcase>
  <testcase name="MigrateToBankruptcy" classname="CRM.Test.FormsTest" time="4.531"/>
  <testcase name="BankruptcyTask" classname="CRM.Test.FormsTest" time="8.56"/>
  <testcase name="BankruptcyForm" classname="CRM.Test.FormsTest" time="1.197">
    <failure message="element click intercepted: Element &lt;a _ngcontent-lax-c8=&quot;&quot; class=&quot;nav-link&quot; href=&quot;javascript:void(0);&quot; id=&quot;&quot;&gt;...&lt;/a&gt; is not clickable at point (1173, 116). Other element would receive the click: &lt;span class=&quot;ng-star-inserted&quot;&gt;...&lt;/span&gt;&#10;  (Session info: chrome=96.0.4664.45)&#10;Build info: version: &apos;4.0.0-rc-1&apos;, revision: &apos;bc5511cbda&apos;&#10;System info: host: &apos;DESKTOP-H2D1FUP&apos;, ip: &apos;192.168.0.104&apos;, os.name: &apos;Windows 10&apos;, os.arch: &apos;amd64&apos;, os.version: &apos;10.0&apos;, java.version: &apos;17.0.1&apos;&#10;Driver info: org.openqa.selenium.chrome.ChromeDriver&#10;Command: [cbd65403cef9b11c15029e318a08a739, clickElement {id=5f81c866-f25e-4a70-9395-9defa69d4734}]&#10;Capabilities {acceptInsecureCerts: false, browserName: chrome, browserVersion: 96.0.4664.45, chrome: {chromedriverVersion: 95.0.4638.54 (d31a821ec901f..., userDataDir: C:\Users\Evy\AppData\Local\...}, goog:chromeOptions: {debuggerAddress: localhost:60534}, javascriptEnabled: true, networkConnectionEnabled: false, pageLoadStrategy: normal, platform: WINDOWS, platformName: WINDOWS, proxy: Proxy(), se:cdp: ws://localhost:60534/devtoo..., se:cdpVersion: 96.0.4664.45, setWindowRect: true, strictFileInteractability: false, timeouts: {implicit: 0, pageLoad: 300000, script: 30000}, unhandledPromptBehavior: dismiss and notify, webauthn:extension:credBlob: true, webauthn:extension:largeBlob: true, webauthn:virtualAuthenticators: true}&#10;Element: [[ChromeDriver: chrome on WINDOWS (cbd65403cef9b11c15029e318a08a739)] -&gt; css selector: .nav .nav-link]&#10;Session ID: cbd65403cef9b11c15029e318a08a739" type="org.openqa.selenium.ElementClickInterceptedException"><![CDATA[org.openqa.selenium.ElementClickInterceptedException: 
element click intercepted: Element <a _ngcontent-lax-c8="" class="nav-link" href="javascript:void(0);" id="">...</a> is not clickable at point (1173, 116). Other element would receive the click: <span class="ng-star-inserted">...</span>
  (Session info: chrome=96.0.4664.45)
Build info: version: '4.0.0-rc-1', revision: 'bc5511cbda'
System info: host: 'DESKTOP-H2D1FUP', ip: '192.168.0.104', os.name: 'Windows 10', os.arch: 'amd64', os.version: '10.0', java.version: '17.0.1'
Driver info: org.openqa.selenium.chrome.ChromeDriver
Command: [cbd65403cef9b11c15029e318a08a739, clickElement {id=5f81c866-f25e-4a70-9395-9defa69d4734}]
Capabilities {acceptInsecureCerts: false, browserName: chrome, browserVersion: 96.0.4664.45, chrome: {chromedriverVersion: 95.0.4638.54 (d31a821ec901f..., userDataDir: C:\Users\Evy\AppData\Local\...}, goog:chromeOptions: {debuggerAddress: localhost:60534}, javascriptEnabled: true, networkConnectionEnabled: false, pageLoadStrategy: normal, platform: WINDOWS, platformName: WINDOWS, proxy: Proxy(), se:cdp: ws://localhost:60534/devtoo..., se:cdpVersion: 96.0.4664.45, setWindowRect: true, strictFileInteractability: false, timeouts: {implicit: 0, pageLoad: 300000, script: 30000}, unhandledPromptBehavior: dismiss and notify, webauthn:extension:credBlob: true, webauthn:extension:largeBlob: true, webauthn:virtualAuthenticators: true}
Element: [[ChromeDriver: chrome on WINDOWS (cbd65403cef9b11c15029e318a08a739)] -> css selector: .nav .nav-link]
Session ID: cbd65403cef9b11c15029e318a08a739
	at CRM.Test.FormsTest.BankruptcyForm(FormsTest.java:244)
]]></failure>
  </testcase>
  <testcase name="BankruptcyPayments" classname="CRM.Test.FormsTest" time="1.473">
    <failure message="element click intercepted: Element &lt;li _ngcontent-lax-c6=&quot;&quot; class=&quot;list-group-item d-flex justify-content-between align-items-center ng-star-inserted&quot; data-action=&quot;payments&quot;&gt;...&lt;/li&gt; is not clickable at point (527, 593). Other element would receive the click: &lt;modal-container class=&quot;modal fade show&quot; role=&quot;dialog&quot; tabindex=&quot;-1&quot; style=&quot;display: block;&quot; aria-modal=&quot;true&quot;&gt;...&lt;/modal-container&gt;&#10;  (Session info: chrome=96.0.4664.45)&#10;Build info: version: &apos;4.0.0-rc-1&apos;, revision: &apos;bc5511cbda&apos;&#10;System info: host: &apos;DESKTOP-H2D1FUP&apos;, ip: &apos;192.168.0.104&apos;, os.name: &apos;Windows 10&apos;, os.arch: &apos;amd64&apos;, os.version: &apos;10.0&apos;, java.version: &apos;17.0.1&apos;&#10;Driver info: org.openqa.selenium.chrome.ChromeDriver&#10;Command: [cbd65403cef9b11c15029e318a08a739, clickElement {id=3c12dfdb-0e3a-4197-8262-7025b86b6b93}]&#10;Capabilities {acceptInsecureCerts: false, browserName: chrome, browserVersion: 96.0.4664.45, chrome: {chromedriverVersion: 95.0.4638.54 (d31a821ec901f..., userDataDir: C:\Users\Evy\AppData\Local\...}, goog:chromeOptions: {debuggerAddress: localhost:60534}, javascriptEnabled: true, networkConnectionEnabled: false, pageLoadStrategy: normal, platform: WINDOWS, platformName: WINDOWS, proxy: Proxy(), se:cdp: ws://localhost:60534/devtoo..., se:cdpVersion: 96.0.4664.45, setWindowRect: true, strictFileInteractability: false, timeouts: {implicit: 0, pageLoad: 300000, script: 30000}, unhandledPromptBehavior: dismiss and notify, webauthn:extension:credBlob: true, webauthn:extension:largeBlob: true, webauthn:virtualAuthenticators: true}&#10;Element: [[ChromeDriver: chrome on WINDOWS (cbd65403cef9b11c15029e318a08a739)] -&gt; css selector: .list-group-item]&#10;Session ID: cbd65403cef9b11c15029e318a08a739" type="org.openqa.selenium.ElementClickInterceptedException"><![CDATA[org.openqa.selenium.ElementClickInterceptedException: 
element click intercepted: Element <li _ngcontent-lax-c6="" class="list-group-item d-flex justify-content-between align-items-center ng-star-inserted" data-action="payments">...</li> is not clickable at point (527, 593). Other element would receive the click: <modal-container class="modal fade show" role="dialog" tabindex="-1" style="display: block;" aria-modal="true">...</modal-container>
  (Session info: chrome=96.0.4664.45)
Build info: version: '4.0.0-rc-1', revision: 'bc5511cbda'
System info: host: 'DESKTOP-H2D1FUP', ip: '192.168.0.104', os.name: 'Windows 10', os.arch: 'amd64', os.version: '10.0', java.version: '17.0.1'
Driver info: org.openqa.selenium.chrome.ChromeDriver
Command: [cbd65403cef9b11c15029e318a08a739, clickElement {id=3c12dfdb-0e3a-4197-8262-7025b86b6b93}]
Capabilities {acceptInsecureCerts: false, browserName: chrome, browserVersion: 96.0.4664.45, chrome: {chromedriverVersion: 95.0.4638.54 (d31a821ec901f..., userDataDir: C:\Users\Evy\AppData\Local\...}, goog:chromeOptions: {debuggerAddress: localhost:60534}, javascriptEnabled: true, networkConnectionEnabled: false, pageLoadStrategy: normal, platform: WINDOWS, platformName: WINDOWS, proxy: Proxy(), se:cdp: ws://localhost:60534/devtoo..., se:cdpVersion: 96.0.4664.45, setWindowRect: true, strictFileInteractability: false, timeouts: {implicit: 0, pageLoad: 300000, script: 30000}, unhandledPromptBehavior: dismiss and notify, webauthn:extension:credBlob: true, webauthn:extension:largeBlob: true, webauthn:virtualAuthenticators: true}
Element: [[ChromeDriver: chrome on WINDOWS (cbd65403cef9b11c15029e318a08a739)] -> css selector: .list-group-item]
Session ID: cbd65403cef9b11c15029e318a08a739
	at CRM.Test.FormsTest.BankruptcyPayments(FormsTest.java:277)
]]></failure>
  </testcase>
  <testcase name="FillingTheNotices" classname="CRM.Test.FormsTest" time="1.306">
    <failure message="element click intercepted: Element &lt;li _ngcontent-lax-c6=&quot;&quot; class=&quot;list-group-item d-flex justify-content-between align-items-center ng-star-inserted&quot; data-action=&quot;notices&quot;&gt;...&lt;/li&gt; is not clickable at point (527, 691). Other element would receive the click: &lt;modal-container class=&quot;modal fade show&quot; role=&quot;dialog&quot; tabindex=&quot;-1&quot; style=&quot;display: block;&quot; aria-modal=&quot;true&quot;&gt;...&lt;/modal-container&gt;&#10;  (Session info: chrome=96.0.4664.45)&#10;Build info: version: &apos;4.0.0-rc-1&apos;, revision: &apos;bc5511cbda&apos;&#10;System info: host: &apos;DESKTOP-H2D1FUP&apos;, ip: &apos;192.168.0.104&apos;, os.name: &apos;Windows 10&apos;, os.arch: &apos;amd64&apos;, os.version: &apos;10.0&apos;, java.version: &apos;17.0.1&apos;&#10;Driver info: org.openqa.selenium.chrome.ChromeDriver&#10;Command: [cbd65403cef9b11c15029e318a08a739, clickElement {id=e2cb2591-df31-45d5-b544-fa7c1eb1563e}]&#10;Capabilities {acceptInsecureCerts: false, browserName: chrome, browserVersion: 96.0.4664.45, chrome: {chromedriverVersion: 95.0.4638.54 (d31a821ec901f..., userDataDir: C:\Users\Evy\AppData\Local\...}, goog:chromeOptions: {debuggerAddress: localhost:60534}, javascriptEnabled: true, networkConnectionEnabled: false, pageLoadStrategy: normal, platform: WINDOWS, platformName: WINDOWS, proxy: Proxy(), se:cdp: ws://localhost:60534/devtoo..., se:cdpVersion: 96.0.4664.45, setWindowRect: true, strictFileInteractability: false, timeouts: {implicit: 0, pageLoad: 300000, script: 30000}, unhandledPromptBehavior: dismiss and notify, webauthn:extension:credBlob: true, webauthn:extension:largeBlob: true, webauthn:virtualAuthenticators: true}&#10;Element: [[ChromeDriver: chrome on WINDOWS (cbd65403cef9b11c15029e318a08a739)] -&gt; css selector: .list-group-item]&#10;Session ID: cbd65403cef9b11c15029e318a08a739" type="org.openqa.selenium.ElementClickInterceptedException"><![CDATA[org.openqa.selenium.ElementClickInterceptedException: 
element click intercepted: Element <li _ngcontent-lax-c6="" class="list-group-item d-flex justify-content-between align-items-center ng-star-inserted" data-action="notices">...</li> is not clickable at point (527, 691). Other element would receive the click: <modal-container class="modal fade show" role="dialog" tabindex="-1" style="display: block;" aria-modal="true">...</modal-container>
  (Session info: chrome=96.0.4664.45)
Build info: version: '4.0.0-rc-1', revision: 'bc5511cbda'
System info: host: 'DESKTOP-H2D1FUP', ip: '192.168.0.104', os.name: 'Windows 10', os.arch: 'amd64', os.version: '10.0', java.version: '17.0.1'
Driver info: org.openqa.selenium.chrome.ChromeDriver
Command: [cbd65403cef9b11c15029e318a08a739, clickElement {id=e2cb2591-df31-45d5-b544-fa7c1eb1563e}]
Capabilities {acceptInsecureCerts: false, browserName: chrome, browserVersion: 96.0.4664.45, chrome: {chromedriverVersion: 95.0.4638.54 (d31a821ec901f..., userDataDir: C:\Users\Evy\AppData\Local\...}, goog:chromeOptions: {debuggerAddress: localhost:60534}, javascriptEnabled: true, networkConnectionEnabled: false, pageLoadStrategy: normal, platform: WINDOWS, platformName: WINDOWS, proxy: Proxy(), se:cdp: ws://localhost:60534/devtoo..., se:cdpVersion: 96.0.4664.45, setWindowRect: true, strictFileInteractability: false, timeouts: {implicit: 0, pageLoad: 300000, script: 30000}, unhandledPromptBehavior: dismiss and notify, webauthn:extension:credBlob: true, webauthn:extension:largeBlob: true, webauthn:virtualAuthenticators: true}
Element: [[ChromeDriver: chrome on WINDOWS (cbd65403cef9b11c15029e318a08a739)] -> css selector: .list-group-item]
Session ID: cbd65403cef9b11c15029e318a08a739
	at CRM.Test.FormsTest.FillingTheNotices(FormsTest.java:289)
]]></failure>
  </testcase>
  <testcase name="OrderFiltrationInBankruptcyAll" classname="CRM.Test.FormsTest" time="7.131">
    <failure message="expected [true] but found [false]" type="java.lang.AssertionError">java.lang.AssertionError: expected [true] but found [false]
	at CRM.Test.FormsTest.OrderFiltrationInBankruptcyAll(FormsTest.java:309)
</failure>
  </testcase>
  <testcase name="BankruptcyOrderFiltrationInAllOrders" classname="CRM.Test.FormsTest" time="9.596">
    <failure message="expected [true] but found [false]" type="java.lang.AssertionError">java.lang.AssertionError: expected [true] but found [false]
	at CRM.Test.FormsTest.BankruptcyOrderFiltrationInAllOrders(FormsTest.java:326)
</failure>
  </testcase>
  <testcase name="MigrateToArbitration" classname="CRM.Test.FormsTest" time="4.128"/>
</testsuite>